<?xml version="1.0" encoding="UTF-8"?>
<coverage generated="1688393437353" clover="3.2.0">
  <project timestamp="1688393437353" name="All files">
    <metrics statements="18" coveredstatements="18" conditionals="6" coveredconditionals="6" methods="6" coveredmethods="6" elements="30" coveredelements="30" complexity="0" loc="18" ncloc="18" packages="1" files="1" classes="1"/>
    <file name="cancelable-promise.js" path="C:\Users\User\Documents\projects\test-task2\src\cancelable-promise.js">
      <metrics statements="18" coveredstatements="18" conditionals="6" coveredconditionals="6" methods="6" coveredmethods="6"/>
      <line num="5" count="47" type="cond" truecount="2" falsecount="0"/>
      <line num="6" count="2" type="stmt"/>
      <line num="11" count="45" type="stmt"/>
      <line num="12" count="45" type="stmt"/>
      <line num="14" count="45" type="stmt"/>
      <line num="16" count="40" type="stmt"/>
      <line num="19" count="1" type="stmt"/>
      <line num="24" count="45" type="stmt"/>
      <line num="25" count="45" type="stmt"/>
      <line num="27" count="45" type="stmt"/>
      <line num="28" count="3" type="stmt"/>
      <line num="29" count="3" type="stmt"/>
      <line num="32" count="45" type="stmt"/>
      <line num="34" count="45" type="stmt"/>
      <line num="35" count="36" type="cond" truecount="4" falsecount="0"/>
      <line num="36" count="1" type="stmt"/>
      <line num="39" count="35" type="stmt"/>
      <line num="44" count="1" type="stmt"/>
    </file>
  </project>
</coverage>
