{"C:\\Users\\User\\Documents\\projects\\test-task2\\src\\cancelable-promise.js": {"path":"C:\\Users\\User\\Documents\\projects\\test-task2\\src\\cancelable-promise.js","statementMap":{"0":{"start":{"line":5,"column":4},"end":{"line":7,"column":5}},"1":{"start":{"line":6,"column":6},"end":{"line":6,"column":53}},"2":{"start":{"line":11,"column":4},"end":{"line":22,"column":7}},"3":{"start":{"line":12,"column":6},"end":{"line":12,"column":24}},"4":{"start":{"line":14,"column":6},"end":{"line":21,"column":8}},"5":{"start":{"line":16,"column":10},"end":{"line":16,"column":25}},"6":{"start":{"line":19,"column":10},"end":{"line":19,"column":25}},"7":{"start":{"line":24,"column":4},"end":{"line":24,"column":29}},"8":{"start":{"line":25,"column":4},"end":{"line":25,"column":28}},"9":{"start":{"line":27,"column":4},"end":{"line":30,"column":6}},"10":{"start":{"line":28,"column":6},"end":{"line":28,"column":29}},"11":{"start":{"line":29,"column":6},"end":{"line":29,"column":53}},"12":{"start":{"line":32,"column":4},"end":{"line":32,"column":29}},"13":{"start":{"line":34,"column":4},"end":{"line":40,"column":6}},"14":{"start":{"line":35,"column":6},"end":{"line":37,"column":7}},"15":{"start":{"line":36,"column":8},"end":{"line":36,"column":26}},"16":{"start":{"line":39,"column":6},"end":{"line":39,"column":35}},"17":{"start":{"line":44,"column":0},"end":{"line":44,"column":40}}},"fnMap":{"0":{"name":"(anonymous_0)","decl":{"start":{"line":4,"column":2},"end":{"line":4,"column":3}},"loc":{"start":{"line":4,"column":24},"end":{"line":41,"column":3}},"line":4},"1":{"name":"(anonymous_1)","decl":{"start":{"line":11,"column":10},"end":{"line":11,"column":11}},"loc":{"start":{"line":11,"column":31},"end":{"line":22,"column":5}},"line":11},"2":{"name":"(anonymous_2)","decl":{"start":{"line":15,"column":8},"end":{"line":15,"column":9}},"loc":{"start":{"line":15,"column":19},"end":{"line":17,"column":9}},"line":15},"3":{"name":"(anonymous_3)","decl":{"start":{"line":18,"column":8},"end":{"line":18,"column":9}},"loc":{"start":{"line":18,"column":20},"end":{"line":20,"column":9}},"line":18},"4":{"name":"(anonymous_4)","decl":{"start":{"line":27,"column":18},"end":{"line":27,"column":19}},"loc":{"start":{"line":27,"column":24},"end":{"line":30,"column":5}},"line":27},"5":{"name":"(anonymous_5)","decl":{"start":{"line":34,"column":16},"end":{"line":34,"column":17}},"loc":{"start":{"line":34,"column":29},"end":{"line":40,"column":5}},"line":34}},"branchMap":{"0":{"loc":{"start":{"line":5,"column":4},"end":{"line":7,"column":5}},"type":"if","locations":[{"start":{"line":5,"column":4},"end":{"line":7,"column":5}},{"start":{"line":5,"column":4},"end":{"line":7,"column":5}}],"line":5},"1":{"loc":{"start":{"line":35,"column":6},"end":{"line":37,"column":7}},"type":"if","locations":[{"start":{"line":35,"column":6},"end":{"line":37,"column":7}},{"start":{"line":35,"column":6},"end":{"line":37,"column":7}}],"line":35},"2":{"loc":{"start":{"line":35,"column":10},"end":{"line":35,"column":58}},"type":"binary-expr","locations":[{"start":{"line":35,"column":10},"end":{"line":35,"column":25}},{"start":{"line":35,"column":29},"end":{"line":35,"column":58}}],"line":35}},"s":{"0":47,"1":2,"2":45,"3":45,"4":45,"5":40,"6":1,"7":45,"8":45,"9":45,"10":3,"11":3,"12":45,"13":45,"14":36,"15":1,"16":35,"17":1},"f":{"0":47,"1":45,"2":40,"3":1,"4":3,"5":36},"b":{"0":[2,45],"1":[1,35],"2":[36,35]},"_coverageSchema":"43e27e138ebf9cfc5966b082cf9a028302ed4184","hash":"1c4cf0030ba03197aac4994ddcce16061afcda2b"}
}
