TN:
SF:C:\Users\User\Documents\projects\test-task2\src\cancelable-promise.js
FN:4,(anonymous_0)
FN:11,(anonymous_1)
FN:15,(anonymous_2)
FN:18,(anonymous_3)
FN:27,(anonymous_4)
FN:34,(anonymous_5)
FNF:6
FNH:6
FNDA:47,(anonymous_0)
FNDA:45,(anonymous_1)
FNDA:40,(anonymous_2)
FNDA:1,(anonymous_3)
FNDA:3,(anonymous_4)
FNDA:36,(anonymous_5)
DA:5,47
DA:6,2
DA:11,45
DA:12,45
DA:14,45
DA:16,40
DA:19,1
DA:24,45
DA:25,45
DA:27,45
DA:28,3
DA:29,3
DA:32,45
DA:34,45
DA:35,36
DA:36,1
DA:39,35
DA:44,1
LF:18
LH:18
BRDA:5,0,0,2
BRDA:5,0,1,45
BRDA:35,1,0,1
BRDA:35,1,1,35
BRDA:35,2,0,36
BRDA:35,2,1,35
BRF:6
BRH:6
end_of_record
